  [1m[35m (638.9ms)[0m  [1m[35mCREATE DATABASE "currerace_development" ENCODING = 'unicode'[0m
  ↳ /Users/evand/.gem/ruby/2.3.3/bin/rake:22
  [1m[35m (608.1ms)[0m  [1m[35mCREATE DATABASE "currerace_test" ENCODING = 'unicode'[0m
  ↳ /Users/evand/.gem/ruby/2.3.3/bin/rake:22
  [1m[35m (50.7ms)[0m  [1m[35mCREATE TABLE "schema_migrations" ("version" character varying NOT NULL PRIMARY KEY)[0m
  ↳ /Users/evand/.gem/ruby/2.3.3/bin/rake:22
  [1m[35m (25.7ms)[0m  [1m[35mCREATE TABLE "ar_internal_metadata" ("key" character varying NOT NULL PRIMARY KEY, "value" character varying, "created_at" timestamp NOT NULL, "updated_at" timestamp NOT NULL)[0m
  ↳ /Users/evand/.gem/ruby/2.3.3/bin/rake:22
  [1m[35m (3.7ms)[0m  [1m[34mSELECT pg_try_advisory_lock(3278783174586313065)[0m
  ↳ /Users/evand/.gem/ruby/2.3.3/bin/rake:22
  [1m[35m (1.6ms)[0m  [1m[34mSELECT "schema_migrations"."version" FROM "schema_migrations" ORDER BY "schema_migrations"."version" ASC[0m
  ↳ /Users/evand/.gem/ruby/2.3.3/bin/rake:22
Migrating to DeviseCreateUsers (20180426221820)
  [1m[35m (0.4ms)[0m  [1m[35mBEGIN[0m
  ↳ /Users/evand/.gem/ruby/2.3.3/bin/rake:22
  [1m[35m (28.6ms)[0m  [1m[35mCREATE TABLE "users" ("id" bigserial primary key, "email" character varying DEFAULT '' NOT NULL, "encrypted_password" character varying DEFAULT '' NOT NULL, "reset_password_token" character varying, "reset_password_sent_at" timestamp, "remember_created_at" timestamp, "sign_in_count" integer DEFAULT 0 NOT NULL, "current_sign_in_at" timestamp, "last_sign_in_at" timestamp, "current_sign_in_ip" inet, "last_sign_in_ip" inet, "created_at" timestamp NOT NULL, "updated_at" timestamp NOT NULL)[0m
  ↳ db/migrate/20180426221820_devise_create_users.rb:5
  [1m[35m (2.7ms)[0m  [1m[35mCREATE UNIQUE INDEX  "index_users_on_email" ON "users"  ("email")[0m
  ↳ db/migrate/20180426221820_devise_create_users.rb:39
  [1m[35m (2.4ms)[0m  [1m[35mCREATE UNIQUE INDEX  "index_users_on_reset_password_token" ON "users"  ("reset_password_token")[0m
  ↳ db/migrate/20180426221820_devise_create_users.rb:40
  [1m[36mActiveRecord::SchemaMigration Create (3.9ms)[0m  [1m[32mINSERT INTO "schema_migrations" ("version") VALUES ($1) RETURNING "version"[0m  [["version", "20180426221820"]]
  ↳ /Users/evand/.gem/ruby/2.3.3/bin/rake:22
  [1m[35m (1.8ms)[0m  [1m[35mCOMMIT[0m
  ↳ /Users/evand/.gem/ruby/2.3.3/bin/rake:22
  [1m[36mActiveRecord::InternalMetadata Load (3.4ms)[0m  [1m[34mSELECT  "ar_internal_metadata".* FROM "ar_internal_metadata" WHERE "ar_internal_metadata"."key" = $1 LIMIT $2[0m  [["key", "environment"], ["LIMIT", 1]]
  ↳ /Users/evand/.gem/ruby/2.3.3/bin/rake:22
  [1m[35m (0.3ms)[0m  [1m[35mBEGIN[0m
  ↳ /Users/evand/.gem/ruby/2.3.3/bin/rake:22
  [1m[36mActiveRecord::InternalMetadata Create (6.8ms)[0m  [1m[32mINSERT INTO "ar_internal_metadata" ("key", "value", "created_at", "updated_at") VALUES ($1, $2, $3, $4) RETURNING "key"[0m  [["key", "environment"], ["value", "development"], ["created_at", "2018-04-26 22:44:05.929326"], ["updated_at", "2018-04-26 22:44:05.929326"]]
  ↳ /Users/evand/.gem/ruby/2.3.3/bin/rake:22
  [1m[35m (5.9ms)[0m  [1m[35mCOMMIT[0m
  ↳ /Users/evand/.gem/ruby/2.3.3/bin/rake:22
  [1m[35m (0.6ms)[0m  [1m[34mSELECT pg_advisory_unlock(3278783174586313065)[0m
  ↳ /Users/evand/.gem/ruby/2.3.3/bin/rake:22
  [1m[35m (1.9ms)[0m  [1m[34mSELECT "schema_migrations"."version" FROM "schema_migrations" ORDER BY "schema_migrations"."version" ASC[0m
  ↳ /Users/evand/.gem/ruby/2.3.3/bin/rake:22
  [1m[35m (1.3ms)[0m  [1m[34mSELECT "schema_migrations"."version" FROM "schema_migrations" ORDER BY "schema_migrations"."version" ASC[0m
  ↳ /Users/evand/.gem/ruby/2.3.3/bin/rake:22
  [1m[35m (0.7ms)[0m  [1m[34mSELECT "schema_migrations"."version" FROM "schema_migrations" ORDER BY "schema_migrations"."version" ASC[0m
  ↳ /Users/evand/.gem/ruby/2.3.3/bin/rake:22
  [1m[35m (0.7ms)[0m  [1m[34mSELECT "schema_migrations"."version" FROM "schema_migrations" ORDER BY "schema_migrations"."version" ASC[0m
  ↳ /Users/evand/.gem/ruby/2.3.3/bin/rake:22
  [1m[35m (0.5ms)[0m  [1m[34mSELECT pg_try_advisory_lock(3278783174586313065)[0m
  ↳ /Users/evand/.gem/ruby/2.3.3/bin/rake:22
  [1m[35m (0.7ms)[0m  [1m[34mSELECT "schema_migrations"."version" FROM "schema_migrations" ORDER BY "schema_migrations"."version" ASC[0m
  ↳ /Users/evand/.gem/ruby/2.3.3/bin/rake:22
Migrating to DeviseCreateUsers (20180426221820)
  [1m[35m (0.4ms)[0m  [1m[35mBEGIN[0m
  ↳ /Users/evand/.gem/ruby/2.3.3/bin/rake:22
  [1m[35m (23.5ms)[0m  [1m[35mDROP INDEX  "index_users_on_reset_password_token"[0m
  ↳ /Users/evand/.gem/ruby/2.3.3/bin/rake:22
  [1m[35m (0.8ms)[0m  [1m[35mDROP INDEX  "index_users_on_email"[0m
  ↳ /Users/evand/.gem/ruby/2.3.3/bin/rake:22
  [1m[35m (5.4ms)[0m  [1m[35mDROP TABLE "users"[0m
  ↳ /Users/evand/.gem/ruby/2.3.3/bin/rake:22
  [1m[36mActiveRecord::SchemaMigration Destroy (1.8ms)[0m  [1m[31mDELETE FROM "schema_migrations" WHERE "schema_migrations"."version" = $1[0m  [["version", "20180426221820"]]
  ↳ /Users/evand/.gem/ruby/2.3.3/bin/rake:22
  [1m[35m (3.5ms)[0m  [1m[35mCOMMIT[0m
  ↳ /Users/evand/.gem/ruby/2.3.3/bin/rake:22
  [1m[35m (0.7ms)[0m  [1m[34mSELECT pg_advisory_unlock(3278783174586313065)[0m
  ↳ /Users/evand/.gem/ruby/2.3.3/bin/rake:22
  [1m[35m (1.3ms)[0m  [1m[34mSELECT "schema_migrations"."version" FROM "schema_migrations" ORDER BY "schema_migrations"."version" ASC[0m
  ↳ /Users/evand/.gem/ruby/2.3.3/bin/rake:22
  [1m[35m (0.4ms)[0m  [1m[34mSELECT pg_try_advisory_lock(3278783174586313065)[0m
  ↳ /Users/evand/.gem/ruby/2.3.3/bin/rake:22
  [1m[35m (1.2ms)[0m  [1m[34mSELECT "schema_migrations"."version" FROM "schema_migrations" ORDER BY "schema_migrations"."version" ASC[0m
  ↳ /Users/evand/.gem/ruby/2.3.3/bin/rake:22
Migrating to DeviseCreateUsers (20180426221820)
  [1m[35m (0.3ms)[0m  [1m[35mBEGIN[0m
  ↳ /Users/evand/.gem/ruby/2.3.3/bin/rake:22
  [1m[35m (10.8ms)[0m  [1m[35mCREATE TABLE "users" ("id" bigserial primary key, "email" character varying DEFAULT '' NOT NULL, "encrypted_password" character varying DEFAULT '' NOT NULL, "reset_password_token" character varying, "reset_password_sent_at" timestamp, "remember_created_at" timestamp, "sign_in_count" integer DEFAULT 0 NOT NULL, "current_sign_in_at" timestamp, "last_sign_in_at" timestamp, "current_sign_in_ip" inet, "last_sign_in_ip" inet, "created_at" timestamp NOT NULL, "updated_at" timestamp NOT NULL)[0m
  ↳ db/migrate/20180426221820_devise_create_users.rb:5
  [1m[35m (2.5ms)[0m  [1m[35mCREATE UNIQUE INDEX  "index_users_on_email" ON "users"  ("email")[0m
  ↳ db/migrate/20180426221820_devise_create_users.rb:39
  [1m[35m (2.2ms)[0m  [1m[35mCREATE UNIQUE INDEX  "index_users_on_reset_password_token" ON "users"  ("reset_password_token")[0m
  ↳ db/migrate/20180426221820_devise_create_users.rb:40
  [1m[36mActiveRecord::SchemaMigration Create (0.7ms)[0m  [1m[32mINSERT INTO "schema_migrations" ("version") VALUES ($1) RETURNING "version"[0m  [["version", "20180426221820"]]
  ↳ /Users/evand/.gem/ruby/2.3.3/bin/rake:22
  [1m[35m (2.2ms)[0m  [1m[35mCOMMIT[0m
  ↳ /Users/evand/.gem/ruby/2.3.3/bin/rake:22
  [1m[36mActiveRecord::InternalMetadata Load (0.7ms)[0m  [1m[34mSELECT  "ar_internal_metadata".* FROM "ar_internal_metadata" WHERE "ar_internal_metadata"."key" = $1 LIMIT $2[0m  [["key", "environment"], ["LIMIT", 1]]
  ↳ /Users/evand/.gem/ruby/2.3.3/bin/rake:22
  [1m[35m (0.4ms)[0m  [1m[35mBEGIN[0m
  ↳ /Users/evand/.gem/ruby/2.3.3/bin/rake:22
  [1m[35m (0.3ms)[0m  [1m[35mCOMMIT[0m
  ↳ /Users/evand/.gem/ruby/2.3.3/bin/rake:22
  [1m[35m (0.4ms)[0m  [1m[34mSELECT pg_advisory_unlock(3278783174586313065)[0m
  ↳ /Users/evand/.gem/ruby/2.3.3/bin/rake:22
  [1m[35m (0.5ms)[0m  [1m[34mSELECT "schema_migrations"."version" FROM "schema_migrations" ORDER BY "schema_migrations"."version" ASC[0m
  ↳ /Users/evand/.gem/ruby/2.3.3/bin/rake:22
Started GET "/" for 127.0.0.1 at 2018-05-05 17:38:06 -0400
  [1m[35m (4.5ms)[0m  [1m[34mSELECT "schema_migrations"."version" FROM "schema_migrations" ORDER BY "schema_migrations"."version" ASC[0m
  ↳ /Users/evand/.gem/ruby/2.3.3/gems/activerecord-5.2.0/lib/active_record/log_subscriber.rb:98
Processing by HomesController#index as HTML
  Rendering homes/index.html.erb within layouts/application
  Rendered homes/index.html.erb within layouts/application (1.8ms)
Completed 200 OK in 6573ms (Views: 6569.7ms | ActiveRecord: 0.0ms)


